# JRE version: Java(TM) SE Runtime Environment (17.0.12+8) (build 17.0.12+8-LTS-286)
# Java VM: Java HotSpot(TM) 64-Bit Server VM (17.0.12+8-LTS-286, mixed mode, emulated-client, sharing, tiered, compressed oops, compressed class ptrs, g1 gc, windows-amd64)
GC Precious Log:
 CPUs: 12 total, 12 available
 Memory: 7501M
 Large Page Support: Disabled
 NUMA Support: Disabled
 Compressed Oops: Enabled (32-bit)
 Heap Region Size: 1M
 Heap Min Capacity: 8M
 Heap Initial Capacity: 118M
 Heap Max Capacity: 1876M
 Pre-touch: Disabled
 Parallel Workers: 10
 Concurrent Workers: 3
 Concurrent Refinement Workers: 10
 Periodic GC: Disabled
Heap:
 garbage-first heap   total 120832K, used 61006K [0x000000008ac00000, 0x0000000100000000)
  region size 1024K, 1 young (1024K), 1 survivors (1024K)
 Metaspace       used 64928K, committed 65408K, reserved 1114112K
  class space    used 9682K, committed 9920K, reserved 1048576K
GC Heap History (20 events):
Event: 9.341 GC heap after
{Heap after GC invocations=12 (full 0):
 garbage-first heap   total 81920K, used 36914K [0x000000008ac00000, 0x0000000100000000)
  region size 1024K, 2 young (2048K), 2 survivors (2048K)
 Metaspace       used 49609K, committed 50112K, reserved 1114112K
  class space    used 7035K, committed 7232K, reserved 1048576K
}
Event: 9.948 GC heap before
{Heap before GC invocations=12 (full 0):
 garbage-first heap   total 81920K, used 62514K [0x000000008ac00000, 0x0000000100000000)
  region size 1024K, 28 young (28672K), 2 survivors (2048K)
 Metaspace       used 57144K, committed 57728K, reserved 1114112K
  class space    used 8262K, committed 8512K, reserved 1048576K
}
Event: 9.951 GC heap after
{Heap after GC invocations=13 (full 0):
 garbage-first heap   total 81920K, used 37549K [0x000000008ac00000, 0x0000000100000000)
  region size 1024K, 3 young (3072K), 3 survivors (3072K)
 Metaspace       used 57144K, committed 57728K, reserved 1114112K
  class space    used 8262K, committed 8512K, reserved 1048576K
}
Event: 10.355 GC heap before
{Heap before GC invocations=13 (full 0):
 garbage-first heap   total 81920K, used 51885K [0x000000008ac00000, 0x0000000100000000)
  region size 1024K, 19 young (19456K), 3 survivors (3072K)
 Metaspace       used 59620K, committed 60160K, reserved 1114112K
  class space    used 8619K, committed 8896K, reserved 1048576K
}
Event: 10.359 GC heap after
{Heap after GC invocations=14 (full 0):
 garbage-first heap   total 81920K, used 39117K [0x000000008ac00000, 0x0000000100000000)
  region size 1024K, 3 young (3072K), 3 survivors (3072K)
 Metaspace       used 59620K, committed 60160K, reserved 1114112K
  class space    used 8619K, committed 8896K, reserved 1048576K
}
Event: 10.792 GC heap before
{Heap before GC invocations=15 (full 0):
 garbage-first heap   total 81920K, used 64717K [0x000000008ac00000, 0x0000000100000000)
  region size 1024K, 29 young (29696K), 3 survivors (3072K)
 Metaspace       used 63216K, committed 63744K, reserved 1114112K
  class space    used 9303K, committed 9536K, reserved 1048576K
}
Event: 10.796 GC heap after
{Heap after GC invocations=16 (full 0):
 garbage-first heap   total 81920K, used 40823K [0x000000008ac00000, 0x0000000100000000)
  region size 1024K, 4 young (4096K), 4 survivors (4096K)
 Metaspace       used 63216K, committed 63744K, reserved 1114112K
  class space    used 9303K, committed 9536K, reserved 1048576K
}
Event: 10.798 GC heap before
{Heap before GC invocations=16 (full 0):
 garbage-first heap   total 81920K, used 41847K [0x000000008ac00000, 0x0000000100000000)
  region size 1024K, 5 young (5120K), 4 survivors (4096K)
 Metaspace       used 63216K, committed 63744K, reserved 1114112K
  class space    used 9303K, committed 9536K, reserved 1048576K
}
Event: 10.801 GC heap after
{Heap after GC invocations=17 (full 0):
 garbage-first heap   total 81920K, used 40477K [0x000000008ac00000, 0x0000000100000000)
  region size 1024K, 1 young (1024K), 1 survivors (1024K)
 Metaspace       used 63216K, committed 63744K, reserved 1114112K
  class space    used 9303K, committed 9536K, reserved 1048576K
}
Event: 10.863 GC heap before
{Heap before GC invocations=17 (full 0):
 garbage-first heap   total 81920K, used 65053K [0x000000008ac00000, 0x0000000100000000)
  region size 1024K, 25 young (25600K), 1 survivors (1024K)
 Metaspace       used 63216K, committed 63744K, reserved 1114112K
  class space    used 9303K, committed 9536K, reserved 1048576K
}
Event: 10.871 GC heap after
{Heap after GC invocations=18 (full 0):
 garbage-first heap   total 81920K, used 50333K [0x000000008ac00000, 0x0000000100000000)
  region size 1024K, 4 young (4096K), 4 survivors (4096K)
 Metaspace       used 63216K, committed 63744K, reserved 1114112K
  class space    used 9303K, committed 9536K, reserved 1048576K
}
Event: 10.918 GC heap before
{Heap before GC invocations=19 (full 0):
 garbage-first heap   total 97280K, used 63645K [0x000000008ac00000, 0x0000000100000000)
  region size 1024K, 17 young (17408K), 4 survivors (4096K)
 Metaspace       used 63217K, committed 63744K, reserved 1114112K
  class space    used 9303K, committed 9536K, reserved 1048576K
}
Event: 10.924 GC heap after
{Heap after GC invocations=20 (full 0):
 garbage-first heap   total 97280K, used 54624K [0x000000008ac00000, 0x0000000100000000)
  region size 1024K, 3 young (3072K), 3 survivors (3072K)
 Metaspace       used 63217K, committed 63744K, reserved 1114112K
  class space    used 9303K, committed 9536K, reserved 1048576K
}
Event: 10.927 GC heap before
{Heap before GC invocations=20 (full 0):
 garbage-first heap   total 97280K, used 55648K [0x000000008ac00000, 0x0000000100000000)
  region size 1024K, 4 young (4096K), 3 survivors (3072K)
 Metaspace       used 63217K, committed 63744K, reserved 1114112K
  class space    used 9303K, committed 9536K, reserved 1048576K
}
Event: 10.930 GC heap after
{Heap after GC invocations=21 (full 0):
 garbage-first heap   total 97280K, used 55437K [0x000000008ac00000, 0x0000000100000000)
  region size 1024K, 1 young (1024K), 1 survivors (1024K)
 Metaspace       used 63217K, committed 63744K, reserved 1114112K
  class space    used 9303K, committed 9536K, reserved 1048576K
}
Event: 10.975 GC heap before
{Heap before GC invocations=21 (full 0):
 garbage-first heap   total 97280K, used 73869K [0x000000008ac00000, 0x0000000100000000)
  region size 1024K, 19 young (19456K), 1 survivors (1024K)
 Metaspace       used 63217K, committed 63744K, reserved 1114112K
  class space    used 9303K, committed 9536K, reserved 1048576K
}
Event: 10.979 GC heap after
{Heap after GC invocations=22 (full 0):
 garbage-first heap   total 97280K, used 58251K [0x000000008ac00000, 0x0000000100000000)
  region size 1024K, 3 young (3072K), 3 survivors (3072K)
 Metaspace       used 63217K, committed 63744K, reserved 1114112K
  class space    used 9303K, committed 9536K, reserved 1048576K
}
Event: 11.124 GC heap before
{Heap before GC invocations=23 (full 0):
 garbage-first heap   total 114688K, used 74635K [0x000000008ac00000, 0x0000000100000000)
  region size 1024K, 20 young (20480K), 3 survivors (3072K)
 Metaspace       used 64927K, committed 65408K, reserved 1114112K
  class space    used 9682K, committed 9920K, reserved 1048576K
}
Event: 11.127 GC heap after
{Heap after GC invocations=24 (full 0):
 garbage-first heap   total 114688K, used 60166K [0x000000008ac00000, 0x0000000100000000)
  region size 1024K, 2 young (2048K), 2 survivors (2048K)
 Metaspace       used 64927K, committed 65408K, reserved 1114112K
  class space    used 9682K, committed 9920K, reserved 1048576K
}
Event: 11.135 GC heap before
{Heap before GC invocations=24 (full 0):
 garbage-first heap   total 114688K, used 63238K [0x000000008ac00000, 0x0000000100000000)
  region size 1024K, 5 young (5120K), 2 survivors (2048K)
 Metaspace       used 64928K, committed 65408K, reserved 1114112K
  class space    used 9682K, committed 9920K, reserved 1048576K
}

